2024-11-15 16:16:12,742:WARNING:
'cuml' is a soft dependency and not included in the pycaret installation. Please run: `pip install cuml` to install.
2024-11-15 16:16:12,742:WARNING:
'cuml' is a soft dependency and not included in the pycaret installation. Please run: `pip install cuml` to install.
2024-11-15 16:16:12,742:WARNING:
'cuml' is a soft dependency and not included in the pycaret installation. Please run: `pip install cuml` to install.
2024-11-15 16:16:12,743:WARNING:
'cuml' is a soft dependency and not included in the pycaret installation. Please run: `pip install cuml` to install.
2024-11-15 16:16:12,873:INFO:PyCaret RegressionExperiment
2024-11-15 16:16:12,873:INFO:Logging name: reg-default-name
2024-11-15 16:16:12,873:INFO:ML Usecase: MLUsecase.REGRESSION
2024-11-15 16:16:12,873:INFO:version 3.3.2
2024-11-15 16:16:12,873:INFO:Initializing setup()
2024-11-15 16:16:12,873:INFO:self.USI: 997d
2024-11-15 16:16:12,873:INFO:self._variable_keys: {'target_param', 'exp_id', '_available_plots', 'y_test', 'idx', 'gpu_n_jobs_param', 'seed', 'X', 'X_test', 'data', 'gpu_param', 'y_train', 'n_jobs_param', 'pipeline', 'log_plots_param', 'html_param', 'USI', 'y', 'exp_name_log', 'fold_groups_param', 'fold_shuffle_param', 'transform_target_param', 'logging_param', 'fold_generator', '_ml_usecase', 'memory', 'X_train'}
2024-11-15 16:16:12,873:INFO:Checking environment
2024-11-15 16:16:12,873:INFO:python_version: 3.11.1
2024-11-15 16:16:12,873:INFO:python_build: ('v3.11.1:a7a450f84a', 'Dec  6 2022 15:24:06')
2024-11-15 16:16:12,873:INFO:machine: arm64
2024-11-15 16:16:12,873:INFO:platform: macOS-15.0-arm64-arm-64bit
2024-11-15 16:16:12,874:INFO:Memory: svmem(total=17179869184, available=6084902912, percent=64.6, used=7523549184, free=32112640, active=5238390784, inactive=5778653184, wired=2285158400)
2024-11-15 16:16:12,874:INFO:Physical Core: 8
2024-11-15 16:16:12,874:INFO:Logical Core: 8
2024-11-15 16:16:12,874:INFO:Checking libraries
2024-11-15 16:16:12,874:INFO:System:
2024-11-15 16:16:12,874:INFO:    python: 3.11.1 (v3.11.1:a7a450f84a, Dec  6 2022, 15:24:06) [Clang 13.0.0 (clang-1300.0.29.30)]
2024-11-15 16:16:12,874:INFO:executable: /usr/local/bin/python3
2024-11-15 16:16:12,874:INFO:   machine: macOS-15.0-arm64-arm-64bit
2024-11-15 16:16:12,874:INFO:PyCaret required dependencies:
2024-11-15 16:16:12,897:INFO:                 pip: 24.2
2024-11-15 16:16:12,897:INFO:          setuptools: 65.5.0
2024-11-15 16:16:12,897:INFO:             pycaret: 3.3.2
2024-11-15 16:16:12,897:INFO:             IPython: 8.14.0
2024-11-15 16:16:12,897:INFO:          ipywidgets: 8.1.5
2024-11-15 16:16:12,897:INFO:                tqdm: 4.66.6
2024-11-15 16:16:12,897:INFO:               numpy: 1.25.2
2024-11-15 16:16:12,897:INFO:              pandas: 2.0.3
2024-11-15 16:16:12,897:INFO:              jinja2: 3.1.4
2024-11-15 16:16:12,897:INFO:               scipy: 1.11.3
2024-11-15 16:16:12,897:INFO:              joblib: 1.3.2
2024-11-15 16:16:12,897:INFO:             sklearn: 1.4.2
2024-11-15 16:16:12,897:INFO:                pyod: 2.0.2
2024-11-15 16:16:12,897:INFO:            imblearn: 0.12.4
2024-11-15 16:16:12,897:INFO:   category_encoders: 2.6.4
2024-11-15 16:16:12,897:INFO:            lightgbm: 4.5.0
2024-11-15 16:16:12,897:INFO:               numba: 0.60.0
2024-11-15 16:16:12,897:INFO:            requests: 2.28.1
2024-11-15 16:16:12,897:INFO:          matplotlib: 3.7.5
2024-11-15 16:16:12,897:INFO:          scikitplot: 0.3.7
2024-11-15 16:16:12,897:INFO:         yellowbrick: 1.5
2024-11-15 16:16:12,897:INFO:              plotly: 5.24.1
2024-11-15 16:16:12,897:INFO:    plotly-resampler: Not installed
2024-11-15 16:16:12,897:INFO:             kaleido: 0.2.1
2024-11-15 16:16:12,897:INFO:           schemdraw: 0.15
2024-11-15 16:16:12,897:INFO:         statsmodels: 0.14.0
2024-11-15 16:16:12,897:INFO:              sktime: 0.26.0
2024-11-15 16:16:12,897:INFO:               tbats: 1.1.3
2024-11-15 16:16:12,897:INFO:            pmdarima: 2.0.4
2024-11-15 16:16:12,897:INFO:              psutil: 5.9.5
2024-11-15 16:16:12,897:INFO:          markupsafe: 3.0.2
2024-11-15 16:16:12,897:INFO:             pickle5: Not installed
2024-11-15 16:16:12,897:INFO:         cloudpickle: 3.1.0
2024-11-15 16:16:12,897:INFO:         deprecation: 2.1.0
2024-11-15 16:16:12,897:INFO:              xxhash: 3.5.0
2024-11-15 16:16:12,897:INFO:           wurlitzer: 3.1.1
2024-11-15 16:16:12,897:INFO:PyCaret optional dependencies:
2024-11-15 16:16:12,904:INFO:                shap: Not installed
2024-11-15 16:16:12,904:INFO:           interpret: Not installed
2024-11-15 16:16:12,905:INFO:                umap: Not installed
2024-11-15 16:16:12,905:INFO:     ydata_profiling: Not installed
2024-11-15 16:16:12,905:INFO:  explainerdashboard: Not installed
2024-11-15 16:16:12,905:INFO:             autoviz: Not installed
2024-11-15 16:16:12,905:INFO:           fairlearn: Not installed
2024-11-15 16:16:12,905:INFO:          deepchecks: Not installed
2024-11-15 16:16:12,905:INFO:             xgboost: Not installed
2024-11-15 16:16:12,905:INFO:            catboost: Not installed
2024-11-15 16:16:12,905:INFO:              kmodes: Not installed
2024-11-15 16:16:12,905:INFO:             mlxtend: Not installed
2024-11-15 16:16:12,905:INFO:       statsforecast: Not installed
2024-11-15 16:16:12,905:INFO:        tune_sklearn: Not installed
2024-11-15 16:16:12,905:INFO:                 ray: Not installed
2024-11-15 16:16:12,905:INFO:            hyperopt: Not installed
2024-11-15 16:16:12,905:INFO:              optuna: Not installed
2024-11-15 16:16:12,905:INFO:               skopt: Not installed
2024-11-15 16:16:12,905:INFO:              mlflow: Not installed
2024-11-15 16:16:12,905:INFO:              gradio: Not installed
2024-11-15 16:16:12,905:INFO:             fastapi: Not installed
2024-11-15 16:16:12,905:INFO:             uvicorn: Not installed
2024-11-15 16:16:12,905:INFO:              m2cgen: Not installed
2024-11-15 16:16:12,905:INFO:           evidently: Not installed
2024-11-15 16:16:12,905:INFO:               fugue: Not installed
2024-11-15 16:16:12,905:INFO:           streamlit: Not installed
2024-11-15 16:16:12,905:INFO:             prophet: Not installed
2024-11-15 16:16:12,905:INFO:None
2024-11-15 16:16:12,905:INFO:Set up data.
2024-11-15 16:16:12,907:INFO:Set up folding strategy.
2024-11-15 16:16:12,907:INFO:Set up train/test split.
2024-11-15 16:16:12,909:INFO:Set up index.
2024-11-15 16:16:12,909:INFO:Assigning column types.
2024-11-15 16:16:12,910:INFO:Engine successfully changes for model 'lr' to 'sklearn'.
2024-11-15 16:16:12,910:INFO:Engine for model 'lasso' has not been set explicitly, hence returning None.
2024-11-15 16:16:12,912:INFO:Engine for model 'ridge' has not been set explicitly, hence returning None.
2024-11-15 16:16:12,915:INFO:Engine for model 'en' has not been set explicitly, hence returning None.
2024-11-15 16:16:12,944:INFO:Engine for model 'svm' has not been set explicitly, hence returning None.
2024-11-15 16:16:12,967:INFO:Engine for model 'knn' has not been set explicitly, hence returning None.
2024-11-15 16:16:12,968:WARNING:
'xgboost' is a soft dependency and not included in the pycaret installation. Please run: `pip install xgboost` to install.
Alternately, you can install this by running `pip install pycaret[models]`
2024-11-15 16:16:12,968:WARNING:
'catboost' is a soft dependency and not included in the pycaret installation. Please run: `pip install catboost` to install.
Alternately, you can install this by running `pip install pycaret[models]`
2024-11-15 16:16:12,968:INFO:Engine for model 'lasso' has not been set explicitly, hence returning None.
2024-11-15 16:16:12,970:INFO:Engine for model 'ridge' has not been set explicitly, hence returning None.
2024-11-15 16:16:12,973:INFO:Engine for model 'en' has not been set explicitly, hence returning None.
2024-11-15 16:16:13,002:INFO:Engine for model 'svm' has not been set explicitly, hence returning None.
2024-11-15 16:16:13,025:INFO:Engine for model 'knn' has not been set explicitly, hence returning None.
2024-11-15 16:16:13,025:WARNING:
'xgboost' is a soft dependency and not included in the pycaret installation. Please run: `pip install xgboost` to install.
Alternately, you can install this by running `pip install pycaret[models]`
2024-11-15 16:16:13,026:WARNING:
'catboost' is a soft dependency and not included in the pycaret installation. Please run: `pip install catboost` to install.
Alternately, you can install this by running `pip install pycaret[models]`
2024-11-15 16:16:13,026:INFO:Engine successfully changes for model 'lasso' to 'sklearn'.
2024-11-15 16:16:13,028:INFO:Engine for model 'ridge' has not been set explicitly, hence returning None.
2024-11-15 16:16:13,030:INFO:Engine for model 'en' has not been set explicitly, hence returning None.
2024-11-15 16:16:13,059:INFO:Engine for model 'svm' has not been set explicitly, hence returning None.
2024-11-15 16:16:13,082:INFO:Engine for model 'knn' has not been set explicitly, hence returning None.
2024-11-15 16:16:13,083:WARNING:
'xgboost' is a soft dependency and not included in the pycaret installation. Please run: `pip install xgboost` to install.
Alternately, you can install this by running `pip install pycaret[models]`
2024-11-15 16:16:13,083:WARNING:
'catboost' is a soft dependency and not included in the pycaret installation. Please run: `pip install catboost` to install.
Alternately, you can install this by running `pip install pycaret[models]`
2024-11-15 16:16:13,085:INFO:Engine for model 'ridge' has not been set explicitly, hence returning None.
2024-11-15 16:16:13,088:INFO:Engine for model 'en' has not been set explicitly, hence returning None.
2024-11-15 16:16:13,117:INFO:Engine for model 'svm' has not been set explicitly, hence returning None.
2024-11-15 16:16:13,140:INFO:Engine for model 'knn' has not been set explicitly, hence returning None.
2024-11-15 16:16:13,140:WARNING:
'xgboost' is a soft dependency and not included in the pycaret installation. Please run: `pip install xgboost` to install.
Alternately, you can install this by running `pip install pycaret[models]`
2024-11-15 16:16:13,140:WARNING:
'catboost' is a soft dependency and not included in the pycaret installation. Please run: `pip install catboost` to install.
Alternately, you can install this by running `pip install pycaret[models]`
2024-11-15 16:16:13,140:INFO:Engine successfully changes for model 'ridge' to 'sklearn'.
2024-11-15 16:16:13,145:INFO:Engine for model 'en' has not been set explicitly, hence returning None.
2024-11-15 16:16:13,174:INFO:Engine for model 'svm' has not been set explicitly, hence returning None.
2024-11-15 16:16:13,197:INFO:Engine for model 'knn' has not been set explicitly, hence returning None.
2024-11-15 16:16:13,198:WARNING:
'xgboost' is a soft dependency and not included in the pycaret installation. Please run: `pip install xgboost` to install.
Alternately, you can install this by running `pip install pycaret[models]`
2024-11-15 16:16:13,198:WARNING:
'catboost' is a soft dependency and not included in the pycaret installation. Please run: `pip install catboost` to install.
Alternately, you can install this by running `pip install pycaret[models]`
2024-11-15 16:16:13,203:INFO:Engine for model 'en' has not been set explicitly, hence returning None.
2024-11-15 16:16:13,232:INFO:Engine for model 'svm' has not been set explicitly, hence returning None.
2024-11-15 16:16:13,255:INFO:Engine for model 'knn' has not been set explicitly, hence returning None.
2024-11-15 16:16:13,255:WARNING:
'xgboost' is a soft dependency and not included in the pycaret installation. Please run: `pip install xgboost` to install.
Alternately, you can install this by running `pip install pycaret[models]`
2024-11-15 16:16:13,256:WARNING:
'catboost' is a soft dependency and not included in the pycaret installation. Please run: `pip install catboost` to install.
Alternately, you can install this by running `pip install pycaret[models]`
2024-11-15 16:16:13,256:INFO:Engine successfully changes for model 'en' to 'sklearn'.
2024-11-15 16:16:13,289:INFO:Engine for model 'svm' has not been set explicitly, hence returning None.
2024-11-15 16:16:13,313:INFO:Engine for model 'knn' has not been set explicitly, hence returning None.
2024-11-15 16:16:13,313:WARNING:
'xgboost' is a soft dependency and not included in the pycaret installation. Please run: `pip install xgboost` to install.
Alternately, you can install this by running `pip install pycaret[models]`
2024-11-15 16:16:13,313:WARNING:
'catboost' is a soft dependency and not included in the pycaret installation. Please run: `pip install catboost` to install.
Alternately, you can install this by running `pip install pycaret[models]`
2024-11-15 16:16:13,347:INFO:Engine for model 'svm' has not been set explicitly, hence returning None.
2024-11-15 16:16:13,370:INFO:Engine for model 'knn' has not been set explicitly, hence returning None.
2024-11-15 16:16:13,370:WARNING:
'xgboost' is a soft dependency and not included in the pycaret installation. Please run: `pip install xgboost` to install.
Alternately, you can install this by running `pip install pycaret[models]`
2024-11-15 16:16:13,370:WARNING:
'catboost' is a soft dependency and not included in the pycaret installation. Please run: `pip install catboost` to install.
Alternately, you can install this by running `pip install pycaret[models]`
2024-11-15 16:16:13,370:INFO:Engine successfully changes for model 'knn' to 'sklearn'.
2024-11-15 16:16:13,404:INFO:Engine for model 'svm' has not been set explicitly, hence returning None.
2024-11-15 16:16:13,427:WARNING:
'xgboost' is a soft dependency and not included in the pycaret installation. Please run: `pip install xgboost` to install.
Alternately, you can install this by running `pip install pycaret[models]`
2024-11-15 16:16:13,427:WARNING:
'catboost' is a soft dependency and not included in the pycaret installation. Please run: `pip install catboost` to install.
Alternately, you can install this by running `pip install pycaret[models]`
2024-11-15 16:16:13,461:INFO:Engine for model 'svm' has not been set explicitly, hence returning None.
2024-11-15 16:16:13,484:WARNING:
'xgboost' is a soft dependency and not included in the pycaret installation. Please run: `pip install xgboost` to install.
Alternately, you can install this by running `pip install pycaret[models]`
2024-11-15 16:16:13,484:WARNING:
'catboost' is a soft dependency and not included in the pycaret installation. Please run: `pip install catboost` to install.
Alternately, you can install this by running `pip install pycaret[models]`
2024-11-15 16:16:13,484:INFO:Engine successfully changes for model 'svm' to 'sklearn'.
2024-11-15 16:16:13,541:WARNING:
'xgboost' is a soft dependency and not included in the pycaret installation. Please run: `pip install xgboost` to install.
Alternately, you can install this by running `pip install pycaret[models]`
2024-11-15 16:16:13,542:WARNING:
'catboost' is a soft dependency and not included in the pycaret installation. Please run: `pip install catboost` to install.
Alternately, you can install this by running `pip install pycaret[models]`
2024-11-15 16:16:13,598:WARNING:
'xgboost' is a soft dependency and not included in the pycaret installation. Please run: `pip install xgboost` to install.
Alternately, you can install this by running `pip install pycaret[models]`
2024-11-15 16:16:13,599:WARNING:
'catboost' is a soft dependency and not included in the pycaret installation. Please run: `pip install catboost` to install.
Alternately, you can install this by running `pip install pycaret[models]`
2024-11-15 16:16:13,601:INFO:Preparing preprocessing pipeline...
2024-11-15 16:16:13,601:INFO:Set up simple imputation.
2024-11-15 16:16:13,608:INFO:Finished creating preprocessing pipeline.
2024-11-15 16:16:13,610:INFO:Pipeline: Pipeline(memory=FastMemory(location=/var/folders/41/_gkgvhb94wd4156zplzr4cg00000gn/T/joblib),
         steps=[('numerical_imputer',
                 TransformerWrapper(include=['precipitation'],
                                    transformer=SimpleImputer())),
                ('categorical_imputer',
                 TransformerWrapper(include=[],
                                    transformer=SimpleImputer(strategy='most_frequent')))])
2024-11-15 16:16:13,610:INFO:Creating final display dataframe.
2024-11-15 16:16:13,632:INFO:Setup _display_container:                     Description             Value
0                    Session id               123
1                        Target             count
2                   Target type        Regression
3           Original data shape           (11, 2)
4        Transformed data shape           (11, 2)
5   Transformed train set shape            (7, 2)
6    Transformed test set shape            (4, 2)
7              Numeric features                 1
8                    Preprocess              True
9               Imputation type            simple
10           Numeric imputation              mean
11       Categorical imputation              mode
12               Fold Generator             KFold
13                  Fold Number                 3
14                     CPU Jobs                -1
15                      Use GPU             False
16               Log Experiment             False
17              Experiment Name  reg-default-name
18                          USI              997d
2024-11-15 16:16:13,692:WARNING:
'xgboost' is a soft dependency and not included in the pycaret installation. Please run: `pip install xgboost` to install.
Alternately, you can install this by running `pip install pycaret[models]`
2024-11-15 16:16:13,693:WARNING:
'catboost' is a soft dependency and not included in the pycaret installation. Please run: `pip install catboost` to install.
Alternately, you can install this by running `pip install pycaret[models]`
2024-11-15 16:16:13,750:WARNING:
'xgboost' is a soft dependency and not included in the pycaret installation. Please run: `pip install xgboost` to install.
Alternately, you can install this by running `pip install pycaret[models]`
2024-11-15 16:16:13,750:WARNING:
'catboost' is a soft dependency and not included in the pycaret installation. Please run: `pip install catboost` to install.
Alternately, you can install this by running `pip install pycaret[models]`
2024-11-15 16:16:13,751:INFO:setup() successfully completed in 0.88s...............
2024-11-15 16:16:13,751:INFO:Initializing compare_models()
2024-11-15 16:16:13,751:INFO:compare_models(self=<pycaret.regression.oop.RegressionExperiment object at 0x13ef04490>, include=['lr', 'ridge', 'lasso', 'en', 'huber'], exclude=None, fold=None, round=4, cross_validation=True, sort=R2, n_select=1, budget_time=None, turbo=True, errors=ignore, fit_kwargs=None, groups=None, experiment_custom_tags=None, probability_threshold=None, verbose=True, parallel=None, caller_params={'self': <pycaret.regression.oop.RegressionExperiment object at 0x13ef04490>, 'include': ['lr', 'ridge', 'lasso', 'en', 'huber'], 'exclude': None, 'fold': None, 'round': 4, 'cross_validation': True, 'sort': 'R2', 'n_select': 1, 'budget_time': None, 'turbo': True, 'errors': 'ignore', 'fit_kwargs': None, 'groups': None, 'experiment_custom_tags': None, 'engine': None, 'verbose': True, 'parallel': None, '__class__': <class 'pycaret.regression.oop.RegressionExperiment'>})
2024-11-15 16:16:13,751:INFO:Checking exceptions
2024-11-15 16:16:13,751:INFO:Preparing display monitor
2024-11-15 16:16:13,780:INFO:Initializing Linear Regression
2024-11-15 16:16:13,780:INFO:Total runtime is 3.6636988321940105e-06 minutes
2024-11-15 16:16:13,782:INFO:SubProcess create_model() called ==================================
2024-11-15 16:16:13,782:INFO:Initializing create_model()
2024-11-15 16:16:13,782:INFO:create_model(self=<pycaret.regression.oop.RegressionExperiment object at 0x13ef04490>, estimator=lr, fold=KFold(n_splits=3, random_state=None, shuffle=False), round=4, cross_validation=True, predict=True, fit_kwargs={}, groups=None, refit=False, probability_threshold=None, experiment_custom_tags=None, verbose=False, system=False, add_to_model_list=True, metrics=None, display=<pycaret.internal.display.display.CommonDisplay object at 0x3036404d0>, model_only=True, return_train_score=False, error_score=0.0, kwargs={})
2024-11-15 16:16:13,782:INFO:Checking exceptions
2024-11-15 16:16:13,782:INFO:Importing libraries
2024-11-15 16:16:13,782:INFO:Copying training dataset
2024-11-15 16:16:13,784:INFO:Defining folds
2024-11-15 16:16:13,784:INFO:Declaring metric variables
2024-11-15 16:16:13,786:INFO:Importing untrained model
2024-11-15 16:16:13,788:INFO:Linear Regression Imported successfully
2024-11-15 16:16:13,792:INFO:Starting cross validation
2024-11-15 16:16:13,812:INFO:Cross validating with KFold(n_splits=3, random_state=None, shuffle=False), n_jobs=-1
2024-11-15 16:16:16,409:INFO:Calculating mean and std
2024-11-15 16:16:16,413:INFO:Creating metrics dataframe
2024-11-15 16:16:16,419:INFO:Uploading results into container
2024-11-15 16:16:16,420:INFO:Uploading model into container now
2024-11-15 16:16:16,420:INFO:_master_model_container: 1
2024-11-15 16:16:16,420:INFO:_display_container: 2
2024-11-15 16:16:16,421:INFO:LinearRegression(n_jobs=-1)
2024-11-15 16:16:16,421:INFO:create_model() successfully completed......................................
2024-11-15 16:16:16,507:INFO:SubProcess create_model() end ==================================
2024-11-15 16:16:16,507:INFO:Creating metrics dataframe
2024-11-15 16:16:16,512:INFO:Initializing Ridge Regression
2024-11-15 16:16:16,512:INFO:Total runtime is 0.04552638133366903 minutes
2024-11-15 16:16:16,514:INFO:SubProcess create_model() called ==================================
2024-11-15 16:16:16,514:INFO:Initializing create_model()
2024-11-15 16:16:16,514:INFO:create_model(self=<pycaret.regression.oop.RegressionExperiment object at 0x13ef04490>, estimator=ridge, fold=KFold(n_splits=3, random_state=None, shuffle=False), round=4, cross_validation=True, predict=True, fit_kwargs={}, groups=None, refit=False, probability_threshold=None, experiment_custom_tags=None, verbose=False, system=False, add_to_model_list=True, metrics=None, display=<pycaret.internal.display.display.CommonDisplay object at 0x3036404d0>, model_only=True, return_train_score=False, error_score=0.0, kwargs={})
2024-11-15 16:16:16,514:INFO:Checking exceptions
2024-11-15 16:16:16,514:INFO:Importing libraries
2024-11-15 16:16:16,514:INFO:Copying training dataset
2024-11-15 16:16:16,516:INFO:Defining folds
2024-11-15 16:16:16,516:INFO:Declaring metric variables
2024-11-15 16:16:16,517:INFO:Importing untrained model
2024-11-15 16:16:16,519:INFO:Ridge Regression Imported successfully
2024-11-15 16:16:16,523:INFO:Starting cross validation
2024-11-15 16:16:16,523:INFO:Cross validating with KFold(n_splits=3, random_state=None, shuffle=False), n_jobs=-1
2024-11-15 16:16:17,531:INFO:Calculating mean and std
2024-11-15 16:16:17,532:INFO:Creating metrics dataframe
2024-11-15 16:16:17,533:INFO:Uploading results into container
2024-11-15 16:16:17,533:INFO:Uploading model into container now
2024-11-15 16:16:17,534:INFO:_master_model_container: 2
2024-11-15 16:16:17,537:INFO:_display_container: 2
2024-11-15 16:16:17,537:INFO:Ridge(random_state=123)
2024-11-15 16:16:17,537:INFO:create_model() successfully completed......................................
2024-11-15 16:16:17,595:INFO:SubProcess create_model() end ==================================
2024-11-15 16:16:17,595:INFO:Creating metrics dataframe
2024-11-15 16:16:17,599:INFO:Initializing Lasso Regression
2024-11-15 16:16:17,599:INFO:Total runtime is 0.06365253130594889 minutes
2024-11-15 16:16:17,601:INFO:SubProcess create_model() called ==================================
2024-11-15 16:16:17,601:INFO:Initializing create_model()
2024-11-15 16:16:17,601:INFO:create_model(self=<pycaret.regression.oop.RegressionExperiment object at 0x13ef04490>, estimator=lasso, fold=KFold(n_splits=3, random_state=None, shuffle=False), round=4, cross_validation=True, predict=True, fit_kwargs={}, groups=None, refit=False, probability_threshold=None, experiment_custom_tags=None, verbose=False, system=False, add_to_model_list=True, metrics=None, display=<pycaret.internal.display.display.CommonDisplay object at 0x3036404d0>, model_only=True, return_train_score=False, error_score=0.0, kwargs={})
2024-11-15 16:16:17,601:INFO:Checking exceptions
2024-11-15 16:16:17,601:INFO:Importing libraries
2024-11-15 16:16:17,601:INFO:Copying training dataset
2024-11-15 16:16:17,602:INFO:Defining folds
2024-11-15 16:16:17,602:INFO:Declaring metric variables
2024-11-15 16:16:17,604:INFO:Importing untrained model
2024-11-15 16:16:17,606:INFO:Lasso Regression Imported successfully
2024-11-15 16:16:17,609:INFO:Starting cross validation
2024-11-15 16:16:17,610:INFO:Cross validating with KFold(n_splits=3, random_state=None, shuffle=False), n_jobs=-1
2024-11-15 16:16:18,608:INFO:Calculating mean and std
2024-11-15 16:16:18,609:INFO:Creating metrics dataframe
2024-11-15 16:16:18,610:INFO:Uploading results into container
2024-11-15 16:16:18,610:INFO:Uploading model into container now
2024-11-15 16:16:18,611:INFO:_master_model_container: 3
2024-11-15 16:16:18,611:INFO:_display_container: 2
2024-11-15 16:16:18,612:INFO:Lasso(random_state=123)
2024-11-15 16:16:18,612:INFO:create_model() successfully completed......................................
2024-11-15 16:16:18,670:INFO:SubProcess create_model() end ==================================
2024-11-15 16:16:18,671:INFO:Creating metrics dataframe
2024-11-15 16:16:18,675:INFO:Initializing Elastic Net
2024-11-15 16:16:18,675:INFO:Total runtime is 0.08157668113708495 minutes
2024-11-15 16:16:18,676:INFO:SubProcess create_model() called ==================================
2024-11-15 16:16:18,676:INFO:Initializing create_model()
2024-11-15 16:16:18,676:INFO:create_model(self=<pycaret.regression.oop.RegressionExperiment object at 0x13ef04490>, estimator=en, fold=KFold(n_splits=3, random_state=None, shuffle=False), round=4, cross_validation=True, predict=True, fit_kwargs={}, groups=None, refit=False, probability_threshold=None, experiment_custom_tags=None, verbose=False, system=False, add_to_model_list=True, metrics=None, display=<pycaret.internal.display.display.CommonDisplay object at 0x3036404d0>, model_only=True, return_train_score=False, error_score=0.0, kwargs={})
2024-11-15 16:16:18,676:INFO:Checking exceptions
2024-11-15 16:16:18,676:INFO:Importing libraries
2024-11-15 16:16:18,676:INFO:Copying training dataset
2024-11-15 16:16:18,678:INFO:Defining folds
2024-11-15 16:16:18,678:INFO:Declaring metric variables
2024-11-15 16:16:18,679:INFO:Importing untrained model
2024-11-15 16:16:18,681:INFO:Elastic Net Imported successfully
2024-11-15 16:16:18,684:INFO:Starting cross validation
2024-11-15 16:16:18,685:INFO:Cross validating with KFold(n_splits=3, random_state=None, shuffle=False), n_jobs=-1
2024-11-15 16:16:19,736:INFO:Calculating mean and std
2024-11-15 16:16:19,737:INFO:Creating metrics dataframe
2024-11-15 16:16:19,738:INFO:Uploading results into container
2024-11-15 16:16:19,738:INFO:Uploading model into container now
2024-11-15 16:16:19,738:INFO:_master_model_container: 4
2024-11-15 16:16:19,738:INFO:_display_container: 2
2024-11-15 16:16:19,739:INFO:ElasticNet(random_state=123)
2024-11-15 16:16:19,739:INFO:create_model() successfully completed......................................
2024-11-15 16:16:19,795:INFO:SubProcess create_model() end ==================================
2024-11-15 16:16:19,796:INFO:Creating metrics dataframe
2024-11-15 16:16:19,800:INFO:Initializing Huber Regressor
2024-11-15 16:16:19,801:INFO:Total runtime is 0.10034137964248657 minutes
2024-11-15 16:16:19,803:INFO:SubProcess create_model() called ==================================
2024-11-15 16:16:19,803:INFO:Initializing create_model()
2024-11-15 16:16:19,803:INFO:create_model(self=<pycaret.regression.oop.RegressionExperiment object at 0x13ef04490>, estimator=huber, fold=KFold(n_splits=3, random_state=None, shuffle=False), round=4, cross_validation=True, predict=True, fit_kwargs={}, groups=None, refit=False, probability_threshold=None, experiment_custom_tags=None, verbose=False, system=False, add_to_model_list=True, metrics=None, display=<pycaret.internal.display.display.CommonDisplay object at 0x3036404d0>, model_only=True, return_train_score=False, error_score=0.0, kwargs={})
2024-11-15 16:16:19,803:INFO:Checking exceptions
2024-11-15 16:16:19,803:INFO:Importing libraries
2024-11-15 16:16:19,803:INFO:Copying training dataset
2024-11-15 16:16:19,805:INFO:Defining folds
2024-11-15 16:16:19,805:INFO:Declaring metric variables
2024-11-15 16:16:19,806:INFO:Importing untrained model
2024-11-15 16:16:19,808:INFO:Huber Regressor Imported successfully
2024-11-15 16:16:19,811:INFO:Starting cross validation
2024-11-15 16:16:19,811:INFO:Cross validating with KFold(n_splits=3, random_state=None, shuffle=False), n_jobs=-1
2024-11-15 16:16:20,816:INFO:Calculating mean and std
2024-11-15 16:16:20,816:INFO:Creating metrics dataframe
2024-11-15 16:16:20,817:INFO:Uploading results into container
2024-11-15 16:16:20,818:INFO:Uploading model into container now
2024-11-15 16:16:20,818:INFO:_master_model_container: 5
2024-11-15 16:16:20,818:INFO:_display_container: 2
2024-11-15 16:16:20,818:INFO:HuberRegressor()
2024-11-15 16:16:20,818:INFO:create_model() successfully completed......................................
2024-11-15 16:16:20,875:INFO:SubProcess create_model() end ==================================
2024-11-15 16:16:20,875:INFO:Creating metrics dataframe
2024-11-15 16:16:20,883:INFO:Initializing create_model()
2024-11-15 16:16:20,883:INFO:create_model(self=<pycaret.regression.oop.RegressionExperiment object at 0x13ef04490>, estimator=ElasticNet(random_state=123), fold=KFold(n_splits=3, random_state=None, shuffle=False), round=4, cross_validation=False, predict=False, fit_kwargs={}, groups=None, refit=True, probability_threshold=None, experiment_custom_tags=None, verbose=False, system=False, add_to_model_list=True, metrics=None, display=None, model_only=True, return_train_score=False, error_score=0.0, kwargs={})
2024-11-15 16:16:20,883:INFO:Checking exceptions
2024-11-15 16:16:20,884:INFO:Importing libraries
2024-11-15 16:16:20,884:INFO:Copying training dataset
2024-11-15 16:16:20,885:INFO:Defining folds
2024-11-15 16:16:20,886:INFO:Declaring metric variables
2024-11-15 16:16:20,886:INFO:Importing untrained model
2024-11-15 16:16:20,886:INFO:Declaring custom model
2024-11-15 16:16:20,886:INFO:Elastic Net Imported successfully
2024-11-15 16:16:20,886:INFO:Cross validation set to False
2024-11-15 16:16:20,886:INFO:Fitting Model
2024-11-15 16:16:20,891:INFO:ElasticNet(random_state=123)
2024-11-15 16:16:20,891:INFO:create_model() successfully completed......................................
2024-11-15 16:16:20,956:INFO:_master_model_container: 5
2024-11-15 16:16:20,957:INFO:_display_container: 2
2024-11-15 16:16:20,957:INFO:ElasticNet(random_state=123)
2024-11-15 16:16:20,957:INFO:compare_models() successfully completed......................................
