host: Ryans-MacBook-Pro-10.local
Building DAG of jobs...
Using shell: /bin/bash
Provided cores: 1 (use --cores to define parallelism)
Rules claiming more threads will be scaled down.
Job stats:
job              count
-------------  -------
create_graphs        1
total                1

Select jobs to execute...
Execute 1 jobs...

[Wed Nov 20 15:58:31 2024]
localrule create_graphs:
    input: data/processed/integrated.csv
    output: results/heatmap.pngresults/lineplot.pngresults/lmplot.pngresults/pairplot.png
    jobid: 0
    reason: Missing output files: results/heatmap.pngresults/lineplot.pngresults/lmplot.pngresults/pairplot.png
    resources: tmpdir=/var/folders/41/_gkgvhb94wd4156zplzr4cg00000gn/T

[Wed Nov 20 15:58:32 2024]
Error in rule create_graphs:
    jobid: 0
    input: data/processed/integrated.csv
    output: results/heatmap.pngresults/lineplot.pngresults/lmplot.pngresults/pairplot.png
    shell:
        python src/create-graphs.py
        (one of the commands exited with non-zero exit code; note that snakemake uses bash strict mode!)

Shutting down, this might take some time.
Exiting because a job execution failed. Look above for error message
Complete log: .snakemake/log/2024-11-20T155831.206418.snakemake.log
WorkflowError:
At least one job did not complete successfully.
