host: Ryans-MacBook-Pro-10.local
Building DAG of jobs...
Using shell: /bin/bash
Provided cores: 1 (use --cores to define parallelism)
Rules claiming more threads will be scaled down.
Job stats:
job              count
-------------  -------
create_graphs        1
prepare_data         1
total                2

Select jobs to execute...
Execute 1 jobs...

[Wed Nov 20 16:01:49 2024]
localrule prepare_data:
    input: data/raw/ncei.csv, data/raw/iowa1.csv, data/raw/iowa2.csv, data/raw/iowa3.csv
    output: data/processed/integrated.csv
    jobid: 1
    reason: Updated input files: data/raw/iowa2.csv, data/raw/iowa1.csv, data/raw/iowa3.csv, data/raw/ncei.csv
    resources: tmpdir=/var/folders/41/_gkgvhb94wd4156zplzr4cg00000gn/T

[Wed Nov 20 16:01:50 2024]
Error in rule prepare_data:
    jobid: 1
    input: data/raw/ncei.csv, data/raw/iowa1.csv, data/raw/iowa2.csv, data/raw/iowa3.csv
    output: data/processed/integrated.csv
    shell:
        python src/analysis.py
        (one of the commands exited with non-zero exit code; note that snakemake uses bash strict mode!)

Shutting down, this might take some time.
Exiting because a job execution failed. Look above for error message
Complete log: .snakemake/log/2024-11-20T160149.698893.snakemake.log
WorkflowError:
At least one job did not complete successfully.
