host: Bens-MacBook-Air-84.local
Building DAG of jobs...
Using shell: /bin/bash
Provided cores: 8
Rules claiming more threads will be scaled down.
Job stats:
job         count
--------  -------
modeling        1
runall          1
total           2

Select jobs to execute...
Execute 1 jobs...

[Mon Dec  2 14:31:44 2024]
localrule modeling:
    input: ../data/processed/integrated.csv
    output: ../results/regression-output.md
    jobid: 1
    reason: Missing output files: ../results/regression-output.md
    resources: tmpdir=/var/folders/j7/fswh0x992tzfxgs898w7vv9w0000gn/T

[Mon Dec  2 14:31:44 2024]
Error in rule modeling:
    jobid: 1
    input: ../data/processed/integrated.csv
    output: ../results/regression-output.md
    shell:
        python modeling.py
        (one of the commands exited with non-zero exit code; note that snakemake uses bash strict mode!)

Shutting down, this might take some time.
Exiting because a job execution failed. Look above for error message
Complete log: .snakemake/log/2024-12-02T143144.859211.snakemake.log
WorkflowError:
At least one job did not complete successfully.
