host: wirelessprv-10-193-54-40.near.illinois.edu
Building DAG of jobs...
Using shell: /bin/bash
Provided cores: 1 (use --cores to define parallelism)
Rules claiming more threads will be scaled down.
Job stats:
job         count
--------  -------
analysis        1
modeling        1
runall          1
total           3

Select jobs to execute...
Execute 1 jobs...

[Thu Dec  5 15:52:13 2024]
localrule modeling:
    input: ../data/processed/integrated.csv
    output: ../results/regression-output.md
    jobid: 1
    reason: Missing output files: ../results/regression-output.md
    resources: tmpdir=/var/folders/41/_gkgvhb94wd4156zplzr4cg00000gn/T

[Thu Dec  5 15:52:25 2024]
Finished job 1.
1 of 3 steps (33%) done
Select jobs to execute...
Execute 1 jobs...

[Thu Dec  5 15:52:25 2024]
localrule analysis:
    input: ../data/processed/integrated.csv
    output: ../results/heatmap.png, ../results/lineplot.png, ../results/lmplot.png, ../results/pairplot.png
    jobid: 4
    reason: Missing output files: ../results/heatmap.png, ../results/lmplot.png, ../results/lineplot.png, ../results/pairplot.png
    resources: tmpdir=/var/folders/41/_gkgvhb94wd4156zplzr4cg00000gn/T

[Thu Dec  5 15:52:28 2024]
Finished job 4.
2 of 3 steps (67%) done
Select jobs to execute...
Execute 1 jobs...

[Thu Dec  5 15:52:28 2024]
localrule runall:
    input: ../results/regression-output.md, ../results/heatmap.png, ../results/lineplot.png, ../results/lmplot.png, ../results/pairplot.png
    jobid: 0
    reason: Input files updated by another job: ../results/heatmap.png, ../results/regression-output.md, ../results/lmplot.png, ../results/lineplot.png, ../results/pairplot.png
    resources: tmpdir=/var/folders/41/_gkgvhb94wd4156zplzr4cg00000gn/T

[Thu Dec  5 15:52:28 2024]
Finished job 0.
3 of 3 steps (100%) done
Complete log: .snakemake/log/2024-12-05T155213.916169.snakemake.log
