host: Ryans-MacBook-Pro-10.local
Building DAG of jobs...
Using shell: /bin/bash
Provided cores: 1 (use --cores to define parallelism)
Rules claiming more threads will be scaled down.
Job stats:
job                  count
-----------------  -------
prepare_data             1
simple_regression        1
total                    2

Select jobs to execute...
Execute 1 jobs...

[Wed Nov 20 16:06:15 2024]
localrule prepare_data:
    input: ../data/raw/ncei.csv, ../data/raw/iowa1.csv, ../data/raw/iowa2.csv, ../data/raw/iowa3.csv
    output: ../data/processed/integrated.csv
    jobid: 1
    reason: Missing output files: ../data/processed/integrated.csv; Updated input files: ../data/raw/iowa3.csv, ../data/raw/iowa2.csv, ../data/raw/ncei.csv, ../data/raw/iowa1.csv
    resources: tmpdir=/var/folders/41/_gkgvhb94wd4156zplzr4cg00000gn/T

[Wed Nov 20 16:06:19 2024]
Finished job 1.
1 of 2 steps (50%) done
Select jobs to execute...
Execute 1 jobs...

[Wed Nov 20 16:06:19 2024]
localrule simple_regression:
    input: ../data/processed/integrated.csv
    output: ../results/regression-output.md
    jobid: 0
    reason: Input files updated by another job: ../data/processed/integrated.csv
    resources: tmpdir=/var/folders/41/_gkgvhb94wd4156zplzr4cg00000gn/T

[Wed Nov 20 16:06:19 2024]
Error in rule simple_regression:
    jobid: 0
    input: ../data/processed/integrated.csv
    output: ../results/regression-output.md
    shell:
        python simple-regression.py
        (one of the commands exited with non-zero exit code; note that snakemake uses bash strict mode!)

Shutting down, this might take some time.
Exiting because a job execution failed. Look above for error message
Complete log: .snakemake/log/2024-11-20T160615.663908.snakemake.log
WorkflowError:
At least one job did not complete successfully.
