host: Ryans-MacBook-Pro-10.local
Building DAG of jobs...
Using shell: /bin/bash
Provided cores: 1 (use --cores to define parallelism)
Rules claiming more threads will be scaled down.
Job stats:
job                  count
-----------------  -------
runall                   1
simple_regression        1
total                    2

Select jobs to execute...
Execute 1 jobs...

[Wed Nov 20 16:21:30 2024]
localrule simple_regression:
    input: ../data/processed/integrated.csv
    output: ../results/regression-output.md
    jobid: 1
    reason: Missing output files: ../results/regression-output.md
    resources: tmpdir=/var/folders/41/_gkgvhb94wd4156zplzr4cg00000gn/T

[Wed Nov 20 16:21:30 2024]
Error in rule simple_regression:
    jobid: 1
    input: ../data/processed/integrated.csv
    output: ../results/regression-output.md
    shell:
        python3 simple-regression.py
        (one of the commands exited with non-zero exit code; note that snakemake uses bash strict mode!)

Shutting down, this might take some time.
Exiting because a job execution failed. Look above for error message
Complete log: .snakemake/log/2024-11-20T162130.701626.snakemake.log
WorkflowError:
At least one job did not complete successfully.
