host: Ryans-MacBook-Pro-10.local
Building DAG of jobs...
Using shell: /bin/bash
Provided cores: 1 (use --cores to define parallelism)
Rules claiming more threads will be scaled down.
Job stats:
job                  count
-----------------  -------
create_graphs            1
get_data                 1
prepare_data             1
runall                   1
simple_regression        1
total                    5

Select jobs to execute...
Execute 1 jobs...

[Wed Nov 20 16:14:26 2024]
localrule get_data:
    input: checksums.txt
    output: ../data/raw/ncei.csv, ../data/raw/iowa1.csv, ../data/raw/iowa2.csv, ../data/raw/iowa3.csv
    jobid: 3
    reason: Missing output files: ../data/raw/iowa1.csv, ../data/raw/iowa3.csv, ../data/raw/iowa2.csv, ../data/raw/ncei.csv
    resources: tmpdir=/var/folders/41/_gkgvhb94wd4156zplzr4cg00000gn/T

[Wed Nov 20 16:14:28 2024]
Error in rule get_data:
    jobid: 3
    input: checksums.txt
    output: ../data/raw/ncei.csv, ../data/raw/iowa1.csv, ../data/raw/iowa2.csv, ../data/raw/iowa3.csv
    shell:
        python acquisition.py
        (one of the commands exited with non-zero exit code; note that snakemake uses bash strict mode!)

Shutting down, this might take some time.
Exiting because a job execution failed. Look above for error message
Complete log: .snakemake/log/2024-11-20T161426.576055.snakemake.log
WorkflowError:
At least one job did not complete successfully.
