host: Ryans-MacBook-Pro-10.local
Building DAG of jobs...
Using shell: /bin/bash
Provided cores: 1 (use --cores to define parallelism)
Rules claiming more threads will be scaled down.
Job stats:
job         count
--------  -------
get_data        1
total           1

Select jobs to execute...
Execute 1 jobs...

[Wed Nov 20 16:17:03 2024]
localrule get_data:
    input: checksums.txt
    output: ../data/raw/ncei.csv, ../data/raw/iowa1.csv, ../data/raw/iowa2.csv, ../data/raw/iowa3.csv
    jobid: 0
    reason: Missing output files: ../data/raw/ncei.csv, ../data/raw/iowa3.csv, ../data/raw/iowa1.csv, ../data/raw/iowa2.csv
    resources: tmpdir=/var/folders/41/_gkgvhb94wd4156zplzr4cg00000gn/T

[Wed Nov 20 16:17:04 2024]
Error in rule get_data:
    jobid: 0
    input: checksums.txt
    output: ../data/raw/ncei.csv, ../data/raw/iowa1.csv, ../data/raw/iowa2.csv, ../data/raw/iowa3.csv
    shell:
        python acquisition.py
        (one of the commands exited with non-zero exit code; note that snakemake uses bash strict mode!)

Shutting down, this might take some time.
Exiting because a job execution failed. Look above for error message
Complete log: .snakemake/log/2024-11-20T161703.837903.snakemake.log
WorkflowError:
At least one job did not complete successfully.
