host: Ryans-MacBook-Pro-10.local
Building DAG of jobs...
Using shell: /bin/bash
Provided cores: 1 (use --cores to define parallelism)
Rules claiming more threads will be scaled down.
Job stats:
job              count
-------------  -------
create_graphs        1
total                1

Select jobs to execute...
Execute 1 jobs...

[Wed Nov 20 16:20:41 2024]
localrule create_graphs:
    input: ../data/processed/integrated.csv
    output: ../results/heatmap.png, ../results/lineplot.png, ../results/lmplot.png, ../results/pairplot.png
    jobid: 0
    reason: Missing output files: ../results/pairplot.png, ../results/heatmap.png, ../results/lmplot.png, ../results/lineplot.png
    resources: tmpdir=/var/folders/41/_gkgvhb94wd4156zplzr4cg00000gn/T

[Wed Nov 20 16:20:44 2024]
Finished job 0.
1 of 1 steps (100%) done
Complete log: .snakemake/log/2024-11-20T162041.701597.snakemake.log
