host: Bens-MacBook-Air-84.local
Building DAG of jobs...
Using shell: /bin/bash
Provided cores: 8
Rules claiming more threads will be scaled down.
Job stats:
job            count
-----------  -------
analysis           1
integration        1
modeling           1
runall             1
total              4

Select jobs to execute...
Execute 1 jobs...

[Mon Dec  2 14:27:49 2024]
localrule integration:
    input: ../data/raw/ncei.csv, ../data/raw/iowa1.csv, ../data/raw/iowa2.csv, ../data/raw/iowa3.csv
    output: ../data/processed/integrated.csv
    jobid: 2
    reason: Missing output files: ../data/processed/integrated.csv
    resources: tmpdir=/var/folders/j7/fswh0x992tzfxgs898w7vv9w0000gn/T

[Mon Dec  2 14:27:52 2024]
Error in rule integration:
    jobid: 2
    input: ../data/raw/ncei.csv, ../data/raw/iowa1.csv, ../data/raw/iowa2.csv, ../data/raw/iowa3.csv
    output: ../data/processed/integrated.csv
    shell:
        python integration.py
        (one of the commands exited with non-zero exit code; note that snakemake uses bash strict mode!)

Shutting down, this might take some time.
Exiting because a job execution failed. Look above for error message
Complete log: .snakemake/log/2024-12-02T142749.826678.snakemake.log
WorkflowError:
At least one job did not complete successfully.
