host: wirelessprv-10-193-54-40.near.illinois.edu
Building DAG of jobs...
Using shell: /bin/bash
Provided cores: 1 (use --cores to define parallelism)
Rules claiming more threads will be scaled down.
Job stats:
job         count
--------  -------
analysis        1
modeling        1
runall          1
total           3

Select jobs to execute...
Execute 1 jobs...

[Thu Dec  5 15:02:55 2024]
localrule modeling:
    input: ../data/processed/integrated.csv
    output: ../results/regression-output.md
    jobid: 1
    reason: Missing output files: ../results/regression-output.md
    resources: tmpdir=/var/folders/41/_gkgvhb94wd4156zplzr4cg00000gn/T

[Thu Dec  5 15:02:55 2024]
Error in rule modeling:
    jobid: 1
    input: ../data/processed/integrated.csv
    output: ../results/regression-output.md
    shell:
        python modeling.py
        (one of the commands exited with non-zero exit code; note that snakemake uses bash strict mode!)

Shutting down, this might take some time.
Exiting because a job execution failed. Look above for error message
Complete log: .snakemake/log/2024-12-05T150255.150599.snakemake.log
WorkflowError:
At least one job did not complete successfully.
