2024-11-11 16:05:33,538:WARNING:
'cuml' is a soft dependency and not included in the pycaret installation. Please run: `pip install cuml` to install.
2024-11-11 16:05:33,538:WARNING:
'cuml' is a soft dependency and not included in the pycaret installation. Please run: `pip install cuml` to install.
2024-11-11 16:05:33,538:WARNING:
'cuml' is a soft dependency and not included in the pycaret installation. Please run: `pip install cuml` to install.
2024-11-11 16:05:33,538:WARNING:
'cuml' is a soft dependency and not included in the pycaret installation. Please run: `pip install cuml` to install.
2024-11-11 16:05:33,637:INFO:PyCaret RegressionExperiment
2024-11-11 16:05:33,637:INFO:Logging name: reg-default-name
2024-11-11 16:05:33,637:INFO:ML Usecase: MLUsecase.REGRESSION
2024-11-11 16:05:33,637:INFO:version 3.3.2
2024-11-11 16:05:33,637:INFO:Initializing setup()
2024-11-11 16:05:33,637:INFO:self.USI: d59b
2024-11-11 16:05:33,637:INFO:self._variable_keys: {'X', 'X_test', '_ml_usecase', 'idx', 'exp_id', 'X_train', 'y_test', 'fold_groups_param', 'gpu_n_jobs_param', 'fold_shuffle_param', 'target_param', 'log_plots_param', 'exp_name_log', 'html_param', '_available_plots', 'USI', 'y', 'gpu_param', 'data', 'n_jobs_param', 'seed', 'transform_target_param', 'fold_generator', 'y_train', 'pipeline', 'logging_param', 'memory'}
2024-11-11 16:05:33,637:INFO:Checking environment
2024-11-11 16:05:33,637:INFO:python_version: 3.11.1
2024-11-11 16:05:33,637:INFO:python_build: ('v3.11.1:a7a450f84a', 'Dec  6 2022 15:24:06')
2024-11-11 16:05:33,637:INFO:machine: arm64
2024-11-11 16:05:33,637:INFO:platform: macOS-15.0-arm64-arm-64bit
2024-11-11 16:05:33,637:INFO:Memory: svmem(total=17179869184, available=5878317056, percent=65.8, used=7476477952, free=664403968, active=5220696064, inactive=5084758016, wired=2255781888)
2024-11-11 16:05:33,637:INFO:Physical Core: 8
2024-11-11 16:05:33,637:INFO:Logical Core: 8
2024-11-11 16:05:33,637:INFO:Checking libraries
2024-11-11 16:05:33,637:INFO:System:
2024-11-11 16:05:33,637:INFO:    python: 3.11.1 (v3.11.1:a7a450f84a, Dec  6 2022, 15:24:06) [Clang 13.0.0 (clang-1300.0.29.30)]
2024-11-11 16:05:33,637:INFO:executable: /usr/local/bin/python3
2024-11-11 16:05:33,637:INFO:   machine: macOS-15.0-arm64-arm-64bit
2024-11-11 16:05:33,637:INFO:PyCaret required dependencies:
2024-11-11 16:05:33,657:INFO:                 pip: 24.2
2024-11-11 16:05:33,658:INFO:          setuptools: 65.5.0
2024-11-11 16:05:33,658:INFO:             pycaret: 3.3.2
2024-11-11 16:05:33,658:INFO:             IPython: 8.14.0
2024-11-11 16:05:33,658:INFO:          ipywidgets: 8.1.5
2024-11-11 16:05:33,658:INFO:                tqdm: 4.66.6
2024-11-11 16:05:33,658:INFO:               numpy: 1.25.2
2024-11-11 16:05:33,658:INFO:              pandas: 2.0.3
2024-11-11 16:05:33,658:INFO:              jinja2: 3.1.4
2024-11-11 16:05:33,658:INFO:               scipy: 1.11.3
2024-11-11 16:05:33,658:INFO:              joblib: 1.3.2
2024-11-11 16:05:33,658:INFO:             sklearn: 1.4.2
2024-11-11 16:05:33,658:INFO:                pyod: 2.0.2
2024-11-11 16:05:33,658:INFO:            imblearn: 0.12.4
2024-11-11 16:05:33,658:INFO:   category_encoders: 2.6.4
2024-11-11 16:05:33,658:INFO:            lightgbm: 4.5.0
2024-11-11 16:05:33,658:INFO:               numba: 0.60.0
2024-11-11 16:05:33,658:INFO:            requests: 2.28.1
2024-11-11 16:05:33,658:INFO:          matplotlib: 3.7.5
2024-11-11 16:05:33,658:INFO:          scikitplot: 0.3.7
2024-11-11 16:05:33,658:INFO:         yellowbrick: 1.5
2024-11-11 16:05:33,658:INFO:              plotly: 5.24.1
2024-11-11 16:05:33,658:INFO:    plotly-resampler: Not installed
2024-11-11 16:05:33,658:INFO:             kaleido: 0.2.1
2024-11-11 16:05:33,658:INFO:           schemdraw: 0.15
2024-11-11 16:05:33,658:INFO:         statsmodels: 0.14.0
2024-11-11 16:05:33,658:INFO:              sktime: 0.26.0
2024-11-11 16:05:33,658:INFO:               tbats: 1.1.3
2024-11-11 16:05:33,658:INFO:            pmdarima: 2.0.4
2024-11-11 16:05:33,658:INFO:              psutil: 5.9.5
2024-11-11 16:05:33,658:INFO:          markupsafe: 3.0.2
2024-11-11 16:05:33,658:INFO:             pickle5: Not installed
2024-11-11 16:05:33,658:INFO:         cloudpickle: 3.1.0
2024-11-11 16:05:33,658:INFO:         deprecation: 2.1.0
2024-11-11 16:05:33,658:INFO:              xxhash: 3.5.0
2024-11-11 16:05:33,658:INFO:           wurlitzer: 3.1.1
2024-11-11 16:05:33,658:INFO:PyCaret optional dependencies:
2024-11-11 16:05:33,668:INFO:                shap: Not installed
2024-11-11 16:05:33,668:INFO:           interpret: Not installed
2024-11-11 16:05:33,668:INFO:                umap: Not installed
2024-11-11 16:05:33,668:INFO:     ydata_profiling: Not installed
2024-11-11 16:05:33,668:INFO:  explainerdashboard: Not installed
2024-11-11 16:05:33,668:INFO:             autoviz: Not installed
2024-11-11 16:05:33,668:INFO:           fairlearn: Not installed
2024-11-11 16:05:33,668:INFO:          deepchecks: Not installed
2024-11-11 16:05:33,668:INFO:             xgboost: Not installed
2024-11-11 16:05:33,668:INFO:            catboost: Not installed
2024-11-11 16:05:33,668:INFO:              kmodes: Not installed
2024-11-11 16:05:33,668:INFO:             mlxtend: Not installed
2024-11-11 16:05:33,668:INFO:       statsforecast: Not installed
2024-11-11 16:05:33,668:INFO:        tune_sklearn: Not installed
2024-11-11 16:05:33,668:INFO:                 ray: Not installed
2024-11-11 16:05:33,668:INFO:            hyperopt: Not installed
2024-11-11 16:05:33,668:INFO:              optuna: Not installed
2024-11-11 16:05:33,668:INFO:               skopt: Not installed
2024-11-11 16:05:33,668:INFO:              mlflow: Not installed
2024-11-11 16:05:33,668:INFO:              gradio: Not installed
2024-11-11 16:05:33,668:INFO:             fastapi: Not installed
2024-11-11 16:05:33,668:INFO:             uvicorn: Not installed
2024-11-11 16:05:33,668:INFO:              m2cgen: Not installed
2024-11-11 16:05:33,668:INFO:           evidently: Not installed
2024-11-11 16:05:33,668:INFO:               fugue: Not installed
2024-11-11 16:05:33,668:INFO:           streamlit: Not installed
2024-11-11 16:05:33,668:INFO:             prophet: Not installed
2024-11-11 16:05:33,668:INFO:None
2024-11-11 16:05:33,668:INFO:Set up data.
2024-11-11 16:05:33,670:INFO:Set up folding strategy.
2024-11-11 16:05:33,670:INFO:Set up train/test split.
2024-11-11 16:05:33,671:INFO:Set up index.
2024-11-11 16:05:33,672:INFO:Assigning column types.
2024-11-11 16:05:33,673:INFO:Engine successfully changes for model 'lr' to 'sklearn'.
2024-11-11 16:05:33,673:INFO:Engine for model 'lasso' has not been set explicitly, hence returning None.
2024-11-11 16:05:33,676:INFO:Engine for model 'ridge' has not been set explicitly, hence returning None.
2024-11-11 16:05:33,678:INFO:Engine for model 'en' has not been set explicitly, hence returning None.
2024-11-11 16:05:33,711:INFO:Engine for model 'svm' has not been set explicitly, hence returning None.
2024-11-11 16:05:33,734:INFO:Engine for model 'knn' has not been set explicitly, hence returning None.
2024-11-11 16:05:33,734:WARNING:
'xgboost' is a soft dependency and not included in the pycaret installation. Please run: `pip install xgboost` to install.
Alternately, you can install this by running `pip install pycaret[models]`
2024-11-11 16:05:33,734:WARNING:
'catboost' is a soft dependency and not included in the pycaret installation. Please run: `pip install catboost` to install.
Alternately, you can install this by running `pip install pycaret[models]`
2024-11-11 16:05:33,735:INFO:Engine for model 'lasso' has not been set explicitly, hence returning None.
2024-11-11 16:05:33,737:INFO:Engine for model 'ridge' has not been set explicitly, hence returning None.
2024-11-11 16:05:33,739:INFO:Engine for model 'en' has not been set explicitly, hence returning None.
2024-11-11 16:05:33,769:INFO:Engine for model 'svm' has not been set explicitly, hence returning None.
2024-11-11 16:05:33,792:INFO:Engine for model 'knn' has not been set explicitly, hence returning None.
2024-11-11 16:05:33,792:WARNING:
'xgboost' is a soft dependency and not included in the pycaret installation. Please run: `pip install xgboost` to install.
Alternately, you can install this by running `pip install pycaret[models]`
2024-11-11 16:05:33,792:WARNING:
'catboost' is a soft dependency and not included in the pycaret installation. Please run: `pip install catboost` to install.
Alternately, you can install this by running `pip install pycaret[models]`
2024-11-11 16:05:33,792:INFO:Engine successfully changes for model 'lasso' to 'sklearn'.
2024-11-11 16:05:33,795:INFO:Engine for model 'ridge' has not been set explicitly, hence returning None.
2024-11-11 16:05:33,797:INFO:Engine for model 'en' has not been set explicitly, hence returning None.
2024-11-11 16:05:33,892:INFO:Engine for model 'svm' has not been set explicitly, hence returning None.
2024-11-11 16:05:33,915:INFO:Engine for model 'knn' has not been set explicitly, hence returning None.
2024-11-11 16:05:33,915:WARNING:
'xgboost' is a soft dependency and not included in the pycaret installation. Please run: `pip install xgboost` to install.
Alternately, you can install this by running `pip install pycaret[models]`
2024-11-11 16:05:33,916:WARNING:
'catboost' is a soft dependency and not included in the pycaret installation. Please run: `pip install catboost` to install.
Alternately, you can install this by running `pip install pycaret[models]`
2024-11-11 16:05:33,918:INFO:Engine for model 'ridge' has not been set explicitly, hence returning None.
2024-11-11 16:05:33,926:INFO:Engine for model 'en' has not been set explicitly, hence returning None.
2024-11-11 16:05:33,955:INFO:Engine for model 'svm' has not been set explicitly, hence returning None.
2024-11-11 16:05:33,977:INFO:Engine for model 'knn' has not been set explicitly, hence returning None.
2024-11-11 16:05:33,978:WARNING:
'xgboost' is a soft dependency and not included in the pycaret installation. Please run: `pip install xgboost` to install.
Alternately, you can install this by running `pip install pycaret[models]`
2024-11-11 16:05:33,978:WARNING:
'catboost' is a soft dependency and not included in the pycaret installation. Please run: `pip install catboost` to install.
Alternately, you can install this by running `pip install pycaret[models]`
2024-11-11 16:05:33,978:INFO:Engine successfully changes for model 'ridge' to 'sklearn'.
2024-11-11 16:05:33,983:INFO:Engine for model 'en' has not been set explicitly, hence returning None.
2024-11-11 16:05:34,012:INFO:Engine for model 'svm' has not been set explicitly, hence returning None.
2024-11-11 16:05:34,035:INFO:Engine for model 'knn' has not been set explicitly, hence returning None.
2024-11-11 16:05:34,035:WARNING:
'xgboost' is a soft dependency and not included in the pycaret installation. Please run: `pip install xgboost` to install.
Alternately, you can install this by running `pip install pycaret[models]`
2024-11-11 16:05:34,035:WARNING:
'catboost' is a soft dependency and not included in the pycaret installation. Please run: `pip install catboost` to install.
Alternately, you can install this by running `pip install pycaret[models]`
2024-11-11 16:05:34,040:INFO:Engine for model 'en' has not been set explicitly, hence returning None.
2024-11-11 16:05:34,069:INFO:Engine for model 'svm' has not been set explicitly, hence returning None.
2024-11-11 16:05:34,092:INFO:Engine for model 'knn' has not been set explicitly, hence returning None.
2024-11-11 16:05:34,092:WARNING:
'xgboost' is a soft dependency and not included in the pycaret installation. Please run: `pip install xgboost` to install.
Alternately, you can install this by running `pip install pycaret[models]`
2024-11-11 16:05:34,092:WARNING:
'catboost' is a soft dependency and not included in the pycaret installation. Please run: `pip install catboost` to install.
Alternately, you can install this by running `pip install pycaret[models]`
2024-11-11 16:05:34,092:INFO:Engine successfully changes for model 'en' to 'sklearn'.
2024-11-11 16:05:34,125:INFO:Engine for model 'svm' has not been set explicitly, hence returning None.
2024-11-11 16:05:34,148:INFO:Engine for model 'knn' has not been set explicitly, hence returning None.
2024-11-11 16:05:34,148:WARNING:
'xgboost' is a soft dependency and not included in the pycaret installation. Please run: `pip install xgboost` to install.
Alternately, you can install this by running `pip install pycaret[models]`
2024-11-11 16:05:34,148:WARNING:
'catboost' is a soft dependency and not included in the pycaret installation. Please run: `pip install catboost` to install.
Alternately, you can install this by running `pip install pycaret[models]`
2024-11-11 16:05:34,181:INFO:Engine for model 'svm' has not been set explicitly, hence returning None.
2024-11-11 16:05:34,204:INFO:Engine for model 'knn' has not been set explicitly, hence returning None.
2024-11-11 16:05:34,204:WARNING:
'xgboost' is a soft dependency and not included in the pycaret installation. Please run: `pip install xgboost` to install.
Alternately, you can install this by running `pip install pycaret[models]`
2024-11-11 16:05:34,204:WARNING:
'catboost' is a soft dependency and not included in the pycaret installation. Please run: `pip install catboost` to install.
Alternately, you can install this by running `pip install pycaret[models]`
2024-11-11 16:05:34,204:INFO:Engine successfully changes for model 'knn' to 'sklearn'.
2024-11-11 16:05:34,237:INFO:Engine for model 'svm' has not been set explicitly, hence returning None.
2024-11-11 16:05:34,260:WARNING:
'xgboost' is a soft dependency and not included in the pycaret installation. Please run: `pip install xgboost` to install.
Alternately, you can install this by running `pip install pycaret[models]`
2024-11-11 16:05:34,260:WARNING:
'catboost' is a soft dependency and not included in the pycaret installation. Please run: `pip install catboost` to install.
Alternately, you can install this by running `pip install pycaret[models]`
2024-11-11 16:05:34,294:INFO:Engine for model 'svm' has not been set explicitly, hence returning None.
2024-11-11 16:05:34,317:WARNING:
'xgboost' is a soft dependency and not included in the pycaret installation. Please run: `pip install xgboost` to install.
Alternately, you can install this by running `pip install pycaret[models]`
2024-11-11 16:05:34,318:WARNING:
'catboost' is a soft dependency and not included in the pycaret installation. Please run: `pip install catboost` to install.
Alternately, you can install this by running `pip install pycaret[models]`
2024-11-11 16:05:34,318:INFO:Engine successfully changes for model 'svm' to 'sklearn'.
2024-11-11 16:05:34,375:WARNING:
'xgboost' is a soft dependency and not included in the pycaret installation. Please run: `pip install xgboost` to install.
Alternately, you can install this by running `pip install pycaret[models]`
2024-11-11 16:05:34,375:WARNING:
'catboost' is a soft dependency and not included in the pycaret installation. Please run: `pip install catboost` to install.
Alternately, you can install this by running `pip install pycaret[models]`
2024-11-11 16:05:34,435:WARNING:
'xgboost' is a soft dependency and not included in the pycaret installation. Please run: `pip install xgboost` to install.
Alternately, you can install this by running `pip install pycaret[models]`
2024-11-11 16:05:34,435:WARNING:
'catboost' is a soft dependency and not included in the pycaret installation. Please run: `pip install catboost` to install.
Alternately, you can install this by running `pip install pycaret[models]`
2024-11-11 16:05:34,437:INFO:Preparing preprocessing pipeline...
2024-11-11 16:05:34,437:INFO:Set up simple imputation.
2024-11-11 16:05:34,446:INFO:Finished creating preprocessing pipeline.
2024-11-11 16:05:34,448:INFO:Pipeline: Pipeline(memory=FastMemory(location=/var/folders/41/_gkgvhb94wd4156zplzr4cg00000gn/T/joblib),
         steps=[('numerical_imputer',
                 TransformerWrapper(include=['precipitation'],
                                    transformer=SimpleImputer())),
                ('categorical_imputer',
                 TransformerWrapper(include=[],
                                    transformer=SimpleImputer(strategy='most_frequent')))])
2024-11-11 16:05:34,448:INFO:Creating final display dataframe.
2024-11-11 16:05:34,471:INFO:Setup _display_container:                     Description             Value
0                    Session id               123
1                        Target             count
2                   Target type        Regression
3           Original data shape           (11, 2)
4        Transformed data shape           (11, 2)
5   Transformed train set shape            (7, 2)
6    Transformed test set shape            (4, 2)
7              Numeric features                 1
8                    Preprocess              True
9               Imputation type            simple
10           Numeric imputation              mean
11       Categorical imputation              mode
12               Fold Generator             KFold
13                  Fold Number                 3
14                     CPU Jobs                -1
15                      Use GPU             False
16               Log Experiment             False
17              Experiment Name  reg-default-name
18                          USI              d59b
2024-11-11 16:05:34,532:WARNING:
'xgboost' is a soft dependency and not included in the pycaret installation. Please run: `pip install xgboost` to install.
Alternately, you can install this by running `pip install pycaret[models]`
2024-11-11 16:05:34,532:WARNING:
'catboost' is a soft dependency and not included in the pycaret installation. Please run: `pip install catboost` to install.
Alternately, you can install this by running `pip install pycaret[models]`
2024-11-11 16:05:34,590:WARNING:
'xgboost' is a soft dependency and not included in the pycaret installation. Please run: `pip install xgboost` to install.
Alternately, you can install this by running `pip install pycaret[models]`
2024-11-11 16:05:34,590:WARNING:
'catboost' is a soft dependency and not included in the pycaret installation. Please run: `pip install catboost` to install.
Alternately, you can install this by running `pip install pycaret[models]`
2024-11-11 16:05:34,590:INFO:setup() successfully completed in 0.95s...............
2024-11-11 16:05:34,590:INFO:Initializing compare_models()
2024-11-11 16:05:34,591:INFO:compare_models(self=<pycaret.regression.oop.RegressionExperiment object at 0x1459e7710>, include=['lr', 'ridge', 'lasso', 'en', 'huber'], exclude=None, fold=None, round=4, cross_validation=True, sort=R2, n_select=1, budget_time=None, turbo=True, errors=ignore, fit_kwargs=None, groups=None, experiment_custom_tags=None, probability_threshold=None, verbose=True, parallel=None, caller_params={'self': <pycaret.regression.oop.RegressionExperiment object at 0x1459e7710>, 'include': ['lr', 'ridge', 'lasso', 'en', 'huber'], 'exclude': None, 'fold': None, 'round': 4, 'cross_validation': True, 'sort': 'R2', 'n_select': 1, 'budget_time': None, 'turbo': True, 'errors': 'ignore', 'fit_kwargs': None, 'groups': None, 'experiment_custom_tags': None, 'engine': None, 'verbose': True, 'parallel': None, '__class__': <class 'pycaret.regression.oop.RegressionExperiment'>})
2024-11-11 16:05:34,591:INFO:Checking exceptions
2024-11-11 16:05:34,592:INFO:Preparing display monitor
2024-11-11 16:05:34,618:INFO:Initializing Linear Regression
2024-11-11 16:05:34,619:INFO:Total runtime is 5.018711090087891e-06 minutes
2024-11-11 16:05:34,620:INFO:SubProcess create_model() called ==================================
2024-11-11 16:05:34,621:INFO:Initializing create_model()
2024-11-11 16:05:34,621:INFO:create_model(self=<pycaret.regression.oop.RegressionExperiment object at 0x1459e7710>, estimator=lr, fold=KFold(n_splits=3, random_state=None, shuffle=False), round=4, cross_validation=True, predict=True, fit_kwargs={}, groups=None, refit=False, probability_threshold=None, experiment_custom_tags=None, verbose=False, system=False, add_to_model_list=True, metrics=None, display=<pycaret.internal.display.display.CommonDisplay object at 0x169cbfa50>, model_only=True, return_train_score=False, error_score=0.0, kwargs={})
2024-11-11 16:05:34,621:INFO:Checking exceptions
2024-11-11 16:05:34,621:INFO:Importing libraries
2024-11-11 16:05:34,621:INFO:Copying training dataset
2024-11-11 16:05:34,623:INFO:Defining folds
2024-11-11 16:05:34,623:INFO:Declaring metric variables
2024-11-11 16:05:34,624:INFO:Importing untrained model
2024-11-11 16:05:34,626:INFO:Linear Regression Imported successfully
2024-11-11 16:05:34,630:INFO:Starting cross validation
2024-11-11 16:05:34,636:INFO:Cross validating with KFold(n_splits=3, random_state=None, shuffle=False), n_jobs=-1
2024-11-11 16:05:37,594:INFO:Calculating mean and std
2024-11-11 16:05:37,597:INFO:Creating metrics dataframe
2024-11-11 16:05:37,601:INFO:Uploading results into container
2024-11-11 16:05:37,601:INFO:Uploading model into container now
2024-11-11 16:05:37,602:INFO:_master_model_container: 1
2024-11-11 16:05:37,602:INFO:_display_container: 2
2024-11-11 16:05:37,603:INFO:LinearRegression(n_jobs=-1)
2024-11-11 16:05:37,603:INFO:create_model() successfully completed......................................
2024-11-11 16:05:37,681:INFO:SubProcess create_model() end ==================================
2024-11-11 16:05:37,681:INFO:Creating metrics dataframe
2024-11-11 16:05:37,685:INFO:Initializing Ridge Regression
2024-11-11 16:05:37,686:INFO:Total runtime is 0.05112045208613077 minutes
2024-11-11 16:05:37,687:INFO:SubProcess create_model() called ==================================
2024-11-11 16:05:37,687:INFO:Initializing create_model()
2024-11-11 16:05:37,687:INFO:create_model(self=<pycaret.regression.oop.RegressionExperiment object at 0x1459e7710>, estimator=ridge, fold=KFold(n_splits=3, random_state=None, shuffle=False), round=4, cross_validation=True, predict=True, fit_kwargs={}, groups=None, refit=False, probability_threshold=None, experiment_custom_tags=None, verbose=False, system=False, add_to_model_list=True, metrics=None, display=<pycaret.internal.display.display.CommonDisplay object at 0x169cbfa50>, model_only=True, return_train_score=False, error_score=0.0, kwargs={})
2024-11-11 16:05:37,687:INFO:Checking exceptions
2024-11-11 16:05:37,688:INFO:Importing libraries
2024-11-11 16:05:37,688:INFO:Copying training dataset
2024-11-11 16:05:37,689:INFO:Defining folds
2024-11-11 16:05:37,689:INFO:Declaring metric variables
2024-11-11 16:05:37,691:INFO:Importing untrained model
2024-11-11 16:05:37,692:INFO:Ridge Regression Imported successfully
2024-11-11 16:05:37,695:INFO:Starting cross validation
2024-11-11 16:05:37,696:INFO:Cross validating with KFold(n_splits=3, random_state=None, shuffle=False), n_jobs=-1
2024-11-11 16:05:38,730:INFO:Calculating mean and std
2024-11-11 16:05:38,731:INFO:Creating metrics dataframe
2024-11-11 16:05:38,732:INFO:Uploading results into container
2024-11-11 16:05:38,732:INFO:Uploading model into container now
2024-11-11 16:05:38,733:INFO:_master_model_container: 2
2024-11-11 16:05:38,733:INFO:_display_container: 2
2024-11-11 16:05:38,733:INFO:Ridge(random_state=123)
2024-11-11 16:05:38,733:INFO:create_model() successfully completed......................................
2024-11-11 16:05:38,787:INFO:SubProcess create_model() end ==================================
2024-11-11 16:05:38,787:INFO:Creating metrics dataframe
2024-11-11 16:05:38,791:INFO:Initializing Lasso Regression
2024-11-11 16:05:38,792:INFO:Total runtime is 0.06955423752466837 minutes
2024-11-11 16:05:38,793:INFO:SubProcess create_model() called ==================================
2024-11-11 16:05:38,793:INFO:Initializing create_model()
2024-11-11 16:05:38,793:INFO:create_model(self=<pycaret.regression.oop.RegressionExperiment object at 0x1459e7710>, estimator=lasso, fold=KFold(n_splits=3, random_state=None, shuffle=False), round=4, cross_validation=True, predict=True, fit_kwargs={}, groups=None, refit=False, probability_threshold=None, experiment_custom_tags=None, verbose=False, system=False, add_to_model_list=True, metrics=None, display=<pycaret.internal.display.display.CommonDisplay object at 0x169cbfa50>, model_only=True, return_train_score=False, error_score=0.0, kwargs={})
2024-11-11 16:05:38,794:INFO:Checking exceptions
2024-11-11 16:05:38,794:INFO:Importing libraries
2024-11-11 16:05:38,794:INFO:Copying training dataset
2024-11-11 16:05:38,795:INFO:Defining folds
2024-11-11 16:05:38,795:INFO:Declaring metric variables
2024-11-11 16:05:38,796:INFO:Importing untrained model
2024-11-11 16:05:38,798:INFO:Lasso Regression Imported successfully
2024-11-11 16:05:38,801:INFO:Starting cross validation
2024-11-11 16:05:38,801:INFO:Cross validating with KFold(n_splits=3, random_state=None, shuffle=False), n_jobs=-1
2024-11-11 16:05:38,830:INFO:Calculating mean and std
2024-11-11 16:05:38,831:INFO:Creating metrics dataframe
2024-11-11 16:05:38,832:INFO:Uploading results into container
2024-11-11 16:05:38,832:INFO:Uploading model into container now
2024-11-11 16:05:38,832:INFO:_master_model_container: 3
2024-11-11 16:05:38,833:INFO:_display_container: 2
2024-11-11 16:05:38,833:INFO:Lasso(random_state=123)
2024-11-11 16:05:38,833:INFO:create_model() successfully completed......................................
2024-11-11 16:05:38,885:INFO:SubProcess create_model() end ==================================
2024-11-11 16:05:38,885:INFO:Creating metrics dataframe
2024-11-11 16:05:38,889:INFO:Initializing Elastic Net
2024-11-11 16:05:38,889:INFO:Total runtime is 0.07118085225423176 minutes
2024-11-11 16:05:38,891:INFO:SubProcess create_model() called ==================================
2024-11-11 16:05:38,891:INFO:Initializing create_model()
2024-11-11 16:05:38,891:INFO:create_model(self=<pycaret.regression.oop.RegressionExperiment object at 0x1459e7710>, estimator=en, fold=KFold(n_splits=3, random_state=None, shuffle=False), round=4, cross_validation=True, predict=True, fit_kwargs={}, groups=None, refit=False, probability_threshold=None, experiment_custom_tags=None, verbose=False, system=False, add_to_model_list=True, metrics=None, display=<pycaret.internal.display.display.CommonDisplay object at 0x169cbfa50>, model_only=True, return_train_score=False, error_score=0.0, kwargs={})
2024-11-11 16:05:38,891:INFO:Checking exceptions
2024-11-11 16:05:38,891:INFO:Importing libraries
2024-11-11 16:05:38,891:INFO:Copying training dataset
2024-11-11 16:05:38,893:INFO:Defining folds
2024-11-11 16:05:38,893:INFO:Declaring metric variables
2024-11-11 16:05:38,894:INFO:Importing untrained model
2024-11-11 16:05:38,896:INFO:Elastic Net Imported successfully
2024-11-11 16:05:38,899:INFO:Starting cross validation
2024-11-11 16:05:38,899:INFO:Cross validating with KFold(n_splits=3, random_state=None, shuffle=False), n_jobs=-1
2024-11-11 16:05:39,912:INFO:Calculating mean and std
2024-11-11 16:05:39,915:INFO:Creating metrics dataframe
2024-11-11 16:05:39,917:INFO:Uploading results into container
2024-11-11 16:05:39,917:INFO:Uploading model into container now
2024-11-11 16:05:39,918:INFO:_master_model_container: 4
2024-11-11 16:05:39,918:INFO:_display_container: 2
2024-11-11 16:05:39,918:INFO:ElasticNet(random_state=123)
2024-11-11 16:05:39,918:INFO:create_model() successfully completed......................................
2024-11-11 16:05:40,004:INFO:SubProcess create_model() end ==================================
2024-11-11 16:05:40,004:INFO:Creating metrics dataframe
2024-11-11 16:05:40,008:INFO:Initializing Huber Regressor
2024-11-11 16:05:40,008:INFO:Total runtime is 0.08983553250630696 minutes
2024-11-11 16:05:40,010:INFO:SubProcess create_model() called ==================================
2024-11-11 16:05:40,011:INFO:Initializing create_model()
2024-11-11 16:05:40,011:INFO:create_model(self=<pycaret.regression.oop.RegressionExperiment object at 0x1459e7710>, estimator=huber, fold=KFold(n_splits=3, random_state=None, shuffle=False), round=4, cross_validation=True, predict=True, fit_kwargs={}, groups=None, refit=False, probability_threshold=None, experiment_custom_tags=None, verbose=False, system=False, add_to_model_list=True, metrics=None, display=<pycaret.internal.display.display.CommonDisplay object at 0x169cbfa50>, model_only=True, return_train_score=False, error_score=0.0, kwargs={})
2024-11-11 16:05:40,011:INFO:Checking exceptions
2024-11-11 16:05:40,011:INFO:Importing libraries
2024-11-11 16:05:40,011:INFO:Copying training dataset
2024-11-11 16:05:40,013:INFO:Defining folds
2024-11-11 16:05:40,013:INFO:Declaring metric variables
2024-11-11 16:05:40,014:INFO:Importing untrained model
2024-11-11 16:05:40,016:INFO:Huber Regressor Imported successfully
2024-11-11 16:05:40,021:INFO:Starting cross validation
2024-11-11 16:05:40,022:INFO:Cross validating with KFold(n_splits=3, random_state=None, shuffle=False), n_jobs=-1
2024-11-11 16:05:40,056:INFO:Calculating mean and std
2024-11-11 16:05:40,057:INFO:Creating metrics dataframe
2024-11-11 16:05:40,057:INFO:Uploading results into container
2024-11-11 16:05:40,058:INFO:Uploading model into container now
2024-11-11 16:05:40,058:INFO:_master_model_container: 5
2024-11-11 16:05:40,059:INFO:_display_container: 2
2024-11-11 16:05:40,059:INFO:HuberRegressor()
2024-11-11 16:05:40,059:INFO:create_model() successfully completed......................................
2024-11-11 16:05:40,112:INFO:SubProcess create_model() end ==================================
2024-11-11 16:05:40,112:INFO:Creating metrics dataframe
2024-11-11 16:05:40,120:INFO:Initializing create_model()
2024-11-11 16:05:40,120:INFO:create_model(self=<pycaret.regression.oop.RegressionExperiment object at 0x1459e7710>, estimator=ElasticNet(random_state=123), fold=KFold(n_splits=3, random_state=None, shuffle=False), round=4, cross_validation=False, predict=False, fit_kwargs={}, groups=None, refit=True, probability_threshold=None, experiment_custom_tags=None, verbose=False, system=False, add_to_model_list=True, metrics=None, display=None, model_only=True, return_train_score=False, error_score=0.0, kwargs={})
2024-11-11 16:05:40,120:INFO:Checking exceptions
2024-11-11 16:05:40,121:INFO:Importing libraries
2024-11-11 16:05:40,121:INFO:Copying training dataset
2024-11-11 16:05:40,122:INFO:Defining folds
2024-11-11 16:05:40,122:INFO:Declaring metric variables
2024-11-11 16:05:40,122:INFO:Importing untrained model
2024-11-11 16:05:40,123:INFO:Declaring custom model
2024-11-11 16:05:40,123:INFO:Elastic Net Imported successfully
2024-11-11 16:05:40,123:INFO:Cross validation set to False
2024-11-11 16:05:40,123:INFO:Fitting Model
2024-11-11 16:05:40,128:INFO:ElasticNet(random_state=123)
2024-11-11 16:05:40,128:INFO:create_model() successfully completed......................................
2024-11-11 16:05:40,191:INFO:_master_model_container: 5
2024-11-11 16:05:40,191:INFO:_display_container: 2
2024-11-11 16:05:40,191:INFO:ElasticNet(random_state=123)
2024-11-11 16:05:40,191:INFO:compare_models() successfully completed......................................
